<?xml version="1.0" encoding="UTF-8"?>
<testng-results ignored="0" total="1" passed="1" failed="0" skipped="0">
  <reporter-output>
  </reporter-output>
  <suite started-at="2023-10-12T10:03:28 IST" name="Default suite" finished-at="2023-10-12T10:03:38 IST" duration-ms="9860">
    <groups>
    </groups>
    <test started-at="2023-10-12T10:03:28 IST" name="Default test" finished-at="2023-10-12T10:03:38 IST" duration-ms="9860">
      <class name="ActiTime.LoginToActitimeTest">
        <test-method signature="loginToAppTest()[pri:0, instance:ActiTime.LoginToActitimeTest@4d465b11]" started-at="2023-10-12T10:03:28 IST" name="loginToAppTest" finished-at="2023-10-12T10:03:38 IST" duration-ms="9813" status="PASS">
          <reporter-output>
          </reporter-output>
        </test-method> <!-- loginToAppTest -->
      </class> <!-- ActiTime.LoginToActitimeTest -->
    </test> <!-- Default test -->
  </suite> <!-- Default suite -->
</testng-results>
